-----------------------------
Time      : 2026-04-25 20:11:23
RepportId : c0eeec49-689a-48bc-8cc5-f8b3d094b17f
UserID    : 123e4567-e89b-12d3-a456-426614174000
Email     : test@example.com
Title     : Test Report
Desc      : This is a test description
CreatedAt : 2026-04-25 20:11:23
-----------------------------
-----------------------------
Time      : 2026-04-25 20:13:14
RepportId : 57b323f2-0821-4388-b7d2-ecab8105d56e
UserID    : 123e4567-e89b-12d3-a456-426614174000
Email     : test@example.com
Title     : Test Report
Desc      : This is a test description
CreatedAt : 2026-04-25 20:13:14
-----------------------------
-----------------------------
Time      : 2026-04-25 20:13:18
RepportId : fda10be1-7559-421e-ae7a-cb741c4d2ad1
UserID    : 123e4567-e89b-12d3-a456-426614174000
Email     : test@example.com
Title     : Test Report
Desc      : This is a test description
CreatedAt : 2026-04-25 20:13:18
-----------------------------
-----------------------------
Time      : 2026-04-25 20:13:45
RepportId : c52f35d8-2556-47aa-b7bc-adbe5cf7c405
UserID    : 123e4567-e89b-12d3-a456-426614174000
Email     : test@example.com
Title     : Test Report
Desc      : This is a test description
CreatedAt : 2026-04-25 20:13:45
-----------------------------
-----------------------------
Time      : 2026-04-25 20:13:47
RepportId : 85791010-c0dc-489b-afef-fee1a6f5d9af
UserID    : 123e4567-e89b-12d3-a456-426614174000
Email     : test@example.com
Title     : Test Report
Desc      : This is a test description
CreatedAt : 2026-04-25 20:13:47
-----------------------------
-----------------------------
Time      : 2026-04-25 20:14:35
RepportId : b713ac15-5168-473e-9b3d-00a08a7873a0
UserID    : 123e4567-e89b-12d3-a456-426614174000
Email     : test@example.com
Title     : Test Report
Desc      : This is a test description
CreatedAt : 2026-04-25 20:14:34
-----------------------------
-----------------------------
Time      : 2026-04-25 20:14:47
RepportId : 4b341bb1-7442-4c24-9c29-82fb4dff92e4
UserID    : 123e4567-e89b-12d3-a456-426614174000
Email     : test@example.com
Title     : Test Report
Desc      : This is a test description
CreatedAt : 2026-04-25 20:14:47
-----------------------------
-----------------------------
Time      : 2026-04-25 20:14:48
RepportId : 97464de0-5fe9-480b-a0b5-02da7b9ebac5
UserID    : 123e4567-e89b-12d3-a456-426614174000
Email     : test@example.com
Title     : Test Report
Desc      : This is a test description
CreatedAt : 2026-04-25 20:14:48
-----------------------------
